Состояние 14 конфликты: 7 сдвига/вывода
Состояние 15 конфликты: 1 сдвига/вывода


Грамматика

    0 $accept: program $end

    1 program: s_expr

    2 atom_first: ID

    3 atom: INT
    4     | CHAR
    5     | STRING
    6     | BOOL

    7 s_expr: atom_first
    8       | atom
    9       | list

   10 s_expr_list: s_expr
   11            | s_expr_list s_expr

   12 list: '(' ')'
   13     | '(' atom ')'
   14     | '(' atom_first s_expr_list ')'
   15     | '\'' s_expr
   16     | '(' s_expr_list ')'


Терминальные символы с правилами, в которых они появляются

$end (0) 0
'\'' (39) 15
'(' (40) 12 13 14 16
')' (41) 12 13 14 16
error (256)
INT (258) 3
CHAR (259) 4
STRING (260) 5
BOOL (261) 6
ID (262) 2


Нетерминальные символы с правилами, в которых они появляются

$accept (11)
    налево: 0
program (12)
    налево: 1, направо: 0
atom_first (13)
    налево: 2, направо: 7 14
atom (14)
    налево: 3 4 5 6, направо: 8 13
s_expr (15)
    налево: 7 8 9, направо: 1 10 11 15
s_expr_list (16)
    налево: 10 11, направо: 11 14 16
list (17)
    налево: 12 13 14 15 16, направо: 9


состояние 0

    0 $accept: . program $end

    INT     сдвиг, и переход в состояние 1
    CHAR    сдвиг, и переход в состояние 2
    STRING  сдвиг, и переход в состояние 3
    BOOL    сдвиг, и переход в состояние 4
    ID      сдвиг, и переход в состояние 5
    '('     сдвиг, и переход в состояние 6
    '\''    сдвиг, и переход в состояние 7

    program     переход в состояние 8
    atom_first  переход в состояние 9
    atom        переход в состояние 10
    s_expr      переход в состояние 11
    list        переход в состояние 12


состояние 1

    3 atom: INT .

    $default  вывод с использованием правила 3 (atom)


состояние 2

    4 atom: CHAR .

    $default  вывод с использованием правила 4 (atom)


состояние 3

    5 atom: STRING .

    $default  вывод с использованием правила 5 (atom)


состояние 4

    6 atom: BOOL .

    $default  вывод с использованием правила 6 (atom)


состояние 5

    2 atom_first: ID .

    $default  вывод с использованием правила 2 (atom_first)


состояние 6

   12 list: '(' . ')'
   13     | '(' . atom ')'
   14     | '(' . atom_first s_expr_list ')'
   16     | '(' . s_expr_list ')'

    INT     сдвиг, и переход в состояние 1
    CHAR    сдвиг, и переход в состояние 2
    STRING  сдвиг, и переход в состояние 3
    BOOL    сдвиг, и переход в состояние 4
    ID      сдвиг, и переход в состояние 5
    '('     сдвиг, и переход в состояние 6
    ')'     сдвиг, и переход в состояние 13
    '\''    сдвиг, и переход в состояние 7

    atom_first   переход в состояние 14
    atom         переход в состояние 15
    s_expr       переход в состояние 16
    s_expr_list  переход в состояние 17
    list         переход в состояние 12


состояние 7

   15 list: '\'' . s_expr

    INT     сдвиг, и переход в состояние 1
    CHAR    сдвиг, и переход в состояние 2
    STRING  сдвиг, и переход в состояние 3
    BOOL    сдвиг, и переход в состояние 4
    ID      сдвиг, и переход в состояние 5
    '('     сдвиг, и переход в состояние 6
    '\''    сдвиг, и переход в состояние 7

    atom_first  переход в состояние 9
    atom        переход в состояние 10
    s_expr      переход в состояние 18
    list        переход в состояние 12


состояние 8

    0 $accept: program . $end

    $end  сдвиг, и переход в состояние 19


состояние 9

    7 s_expr: atom_first .

    $default  вывод с использованием правила 7 (s_expr)


состояние 10

    8 s_expr: atom .

    $default  вывод с использованием правила 8 (s_expr)


состояние 11

    1 program: s_expr .

    $default  вывод с использованием правила 1 (program)


состояние 12

    9 s_expr: list .

    $default  вывод с использованием правила 9 (s_expr)


состояние 13

   12 list: '(' ')' .

    $default  вывод с использованием правила 12 (list)


состояние 14

    7 s_expr: atom_first .
   14 list: '(' atom_first . s_expr_list ')'

    INT     сдвиг, и переход в состояние 1
    CHAR    сдвиг, и переход в состояние 2
    STRING  сдвиг, и переход в состояние 3
    BOOL    сдвиг, и переход в состояние 4
    ID      сдвиг, и переход в состояние 5
    '('     сдвиг, и переход в состояние 6
    '\''    сдвиг, и переход в состояние 7

    INT       [вывод с использованием правила 7 (s_expr)]
    CHAR      [вывод с использованием правила 7 (s_expr)]
    STRING    [вывод с использованием правила 7 (s_expr)]
    BOOL      [вывод с использованием правила 7 (s_expr)]
    ID        [вывод с использованием правила 7 (s_expr)]
    '('       [вывод с использованием правила 7 (s_expr)]
    '\''      [вывод с использованием правила 7 (s_expr)]
    $default  вывод с использованием правила 7 (s_expr)

    atom_first   переход в состояние 9
    atom         переход в состояние 10
    s_expr       переход в состояние 16
    s_expr_list  переход в состояние 20
    list         переход в состояние 12


состояние 15

    8 s_expr: atom .
   13 list: '(' atom . ')'

    ')'  сдвиг, и переход в состояние 21

    ')'       [вывод с использованием правила 8 (s_expr)]
    $default  вывод с использованием правила 8 (s_expr)


состояние 16

   10 s_expr_list: s_expr .

    $default  вывод с использованием правила 10 (s_expr_list)


состояние 17

   11 s_expr_list: s_expr_list . s_expr
   16 list: '(' s_expr_list . ')'

    INT     сдвиг, и переход в состояние 1
    CHAR    сдвиг, и переход в состояние 2
    STRING  сдвиг, и переход в состояние 3
    BOOL    сдвиг, и переход в состояние 4
    ID      сдвиг, и переход в состояние 5
    '('     сдвиг, и переход в состояние 6
    ')'     сдвиг, и переход в состояние 22
    '\''    сдвиг, и переход в состояние 7

    atom_first  переход в состояние 9
    atom        переход в состояние 10
    s_expr      переход в состояние 23
    list        переход в состояние 12


состояние 18

   15 list: '\'' s_expr .

    $default  вывод с использованием правила 15 (list)


состояние 19

    0 $accept: program $end .

    $default  принять


состояние 20

   11 s_expr_list: s_expr_list . s_expr
   14 list: '(' atom_first s_expr_list . ')'

    INT     сдвиг, и переход в состояние 1
    CHAR    сдвиг, и переход в состояние 2
    STRING  сдвиг, и переход в состояние 3
    BOOL    сдвиг, и переход в состояние 4
    ID      сдвиг, и переход в состояние 5
    '('     сдвиг, и переход в состояние 6
    ')'     сдвиг, и переход в состояние 24
    '\''    сдвиг, и переход в состояние 7

    atom_first  переход в состояние 9
    atom        переход в состояние 10
    s_expr      переход в состояние 23
    list        переход в состояние 12


состояние 21

   13 list: '(' atom ')' .

    $default  вывод с использованием правила 13 (list)


состояние 22

   16 list: '(' s_expr_list ')' .

    $default  вывод с использованием правила 16 (list)


состояние 23

   11 s_expr_list: s_expr_list s_expr .

    $default  вывод с использованием правила 11 (s_expr_list)


состояние 24

   14 list: '(' atom_first s_expr_list ')' .

    $default  вывод с использованием правила 14 (list)
